{"C:\\Users\\geice\\Desktop\\{reprograma}\\Projeto Final - IndiCrechEscola\\Avaliacao\\Avaliacao.js": {"path":"C:\\Users\\geice\\Desktop\\{reprograma}\\Projeto Final - IndiCrechEscola\\Avaliacao\\Avaliacao.js","statementMap":{"0":{"start":{"line":4,"column":4},"end":{"line":4,"column":30}},"1":{"start":{"line":5,"column":4},"end":{"line":5,"column":24}},"2":{"start":{"line":6,"column":4},"end":{"line":6,"column":20}},"3":{"start":{"line":7,"column":4},"end":{"line":7,"column":36}},"4":{"start":{"line":11,"column":4},"end":{"line":11,"column":27}},"5":{"start":{"line":15,"column":4},"end":{"line":15,"column":22}},"6":{"start":{"line":19,"column":4},"end":{"line":19,"column":20}},"7":{"start":{"line":23,"column":4},"end":{"line":23,"column":25}},"8":{"start":{"line":28,"column":0},"end":{"line":28,"column":26}}},"fnMap":{"0":{"name":"(anonymous_0)","decl":{"start":{"line":3,"column":2},"end":{"line":3,"column":3}},"loc":{"start":{"line":3,"column":53},"end":{"line":8,"column":3}},"line":3},"1":{"name":"(anonymous_1)","decl":{"start":{"line":10,"column":2},"end":{"line":10,"column":3}},"loc":{"start":{"line":10,"column":18},"end":{"line":12,"column":3}},"line":10},"2":{"name":"(anonymous_2)","decl":{"start":{"line":14,"column":2},"end":{"line":14,"column":3}},"loc":{"start":{"line":14,"column":13},"end":{"line":16,"column":3}},"line":14},"3":{"name":"(anonymous_3)","decl":{"start":{"line":18,"column":2},"end":{"line":18,"column":3}},"loc":{"start":{"line":18,"column":11},"end":{"line":20,"column":3}},"line":18},"4":{"name":"(anonymous_4)","decl":{"start":{"line":22,"column":2},"end":{"line":22,"column":3}},"loc":{"start":{"line":22,"column":16},"end":{"line":24,"column":3}},"line":22}},"branchMap":{},"s":{"0":6,"1":6,"2":6,"3":6,"4":1,"5":1,"6":1,"7":1,"8":4},"f":{"0":6,"1":1,"2":1,"3":1,"4":1},"b":{},"_coverageSchema":"1a1c01bbd47fc00a2c39e90264f33305004495a9","hash":"9be93ea5c3a96ec51c767677ac1fb29c1fc5bd4b"}
,"C:\\Users\\geice\\Desktop\\{reprograma}\\Projeto Final - IndiCrechEscola\\Cadastro\\Cadastro.js": {"path":"C:\\Users\\geice\\Desktop\\{reprograma}\\Projeto Final - IndiCrechEscola\\Cadastro\\Cadastro.js","statementMap":{"0":{"start":{"line":3,"column":23},"end":{"line":3,"column":59}},"1":{"start":{"line":4,"column":4},"end":{"line":6,"column":5}},"2":{"start":{"line":5,"column":6},"end":{"line":5,"column":46}},"3":{"start":{"line":7,"column":4},"end":{"line":15,"column":5}},"4":{"start":{"line":8,"column":6},"end":{"line":9,"column":24}},"5":{"start":{"line":11,"column":6},"end":{"line":11,"column":46}},"6":{"start":{"line":14,"column":6},"end":{"line":14,"column":61}},"7":{"start":{"line":20,"column":0},"end":{"line":20,"column":25}}},"fnMap":{"0":{"name":"(anonymous_0)","decl":{"start":{"line":2,"column":2},"end":{"line":2,"column":3}},"loc":{"start":{"line":2,"column":29},"end":{"line":16,"column":3}},"line":2}},"branchMap":{"0":{"loc":{"start":{"line":4,"column":4},"end":{"line":6,"column":5}},"type":"if","locations":[{"start":{"line":4,"column":4},"end":{"line":6,"column":5}},{"start":{},"end":{}}],"line":4},"1":{"loc":{"start":{"line":7,"column":4},"end":{"line":15,"column":5}},"type":"if","locations":[{"start":{"line":7,"column":4},"end":{"line":15,"column":5}},{"start":{"line":13,"column":10},"end":{"line":15,"column":5}}],"line":7}},"s":{"0":3,"1":3,"2":1,"3":2,"4":1,"5":1,"6":1,"7":5},"f":{"0":3},"b":{"0":[1,2],"1":[1,1]},"_coverageSchema":"1a1c01bbd47fc00a2c39e90264f33305004495a9","hash":"95b67cdf0021d5400d1bbb908024bf2ae7178b78"}
,"C:\\Users\\geice\\Desktop\\{reprograma}\\Projeto Final - IndiCrechEscola\\Creche\\Creche.js": {"path":"C:\\Users\\geice\\Desktop\\{reprograma}\\Projeto Final - IndiCrechEscola\\Creche\\Creche.js","statementMap":{"0":{"start":{"line":1,"column":18},"end":{"line":1,"column":51}},"1":{"start":{"line":2,"column":17},"end":{"line":2,"column":48}},"2":{"start":{"line":11,"column":26},"end":{"line":11,"column":28}},"3":{"start":{"line":14,"column":4},"end":{"line":17,"column":36}},"4":{"start":{"line":19,"column":4},"end":{"line":19,"column":36}},"5":{"start":{"line":21,"column":4},"end":{"line":21,"column":85}},"6":{"start":{"line":25,"column":18},"end":{"line":25,"column":91}},"7":{"start":{"line":25,"column":62},"end":{"line":25,"column":90}},"8":{"start":{"line":27,"column":4},"end":{"line":31,"column":5}},"9":{"start":{"line":28,"column":6},"end":{"line":28,"column":84}},"10":{"start":{"line":30,"column":6},"end":{"line":30,"column":87}},"11":{"start":{"line":35,"column":24},"end":{"line":35,"column":103}},"12":{"start":{"line":35,"column":68},"end":{"line":35,"column":102}},"13":{"start":{"line":37,"column":4},"end":{"line":41,"column":5}},"14":{"start":{"line":38,"column":6},"end":{"line":38,"column":87}},"15":{"start":{"line":40,"column":6},"end":{"line":40,"column":98}},"16":{"start":{"line":47,"column":4},"end":{"line":47,"column":23}},"17":{"start":{"line":51,"column":4},"end":{"line":51,"column":29}},"18":{"start":{"line":55,"column":4},"end":{"line":55,"column":25}},"19":{"start":{"line":59,"column":4},"end":{"line":59,"column":33}},"20":{"start":{"line":63,"column":0},"end":{"line":63,"column":23}}},"fnMap":{"0":{"name":"(anonymous_0)","decl":{"start":{"line":13,"column":2},"end":{"line":13,"column":3}},"loc":{"start":{"line":13,"column":44},"end":{"line":22,"column":3}},"line":13},"1":{"name":"(anonymous_1)","decl":{"start":{"line":24,"column":2},"end":{"line":24,"column":3}},"loc":{"start":{"line":24,"column":28},"end":{"line":32,"column":3}},"line":24},"2":{"name":"(anonymous_2)","decl":{"start":{"line":25,"column":47},"end":{"line":25,"column":48}},"loc":{"start":{"line":25,"column":62},"end":{"line":25,"column":90}},"line":25},"3":{"name":"(anonymous_3)","decl":{"start":{"line":34,"column":2},"end":{"line":34,"column":3}},"loc":{"start":{"line":34,"column":24},"end":{"line":42,"column":3}},"line":34},"4":{"name":"(anonymous_4)","decl":{"start":{"line":35,"column":53},"end":{"line":35,"column":54}},"loc":{"start":{"line":35,"column":68},"end":{"line":35,"column":102}},"line":35},"5":{"name":"(anonymous_5)","decl":{"start":{"line":46,"column":2},"end":{"line":46,"column":3}},"loc":{"start":{"line":46,"column":14},"end":{"line":48,"column":3}},"line":46},"6":{"name":"(anonymous_6)","decl":{"start":{"line":50,"column":2},"end":{"line":50,"column":3}},"loc":{"start":{"line":50,"column":24},"end":{"line":52,"column":3}},"line":50},"7":{"name":"(anonymous_7)","decl":{"start":{"line":54,"column":2},"end":{"line":54,"column":3}},"loc":{"start":{"line":54,"column":16},"end":{"line":56,"column":3}},"line":54},"8":{"name":"(anonymous_8)","decl":{"start":{"line":58,"column":2},"end":{"line":58,"column":3}},"loc":{"start":{"line":58,"column":28},"end":{"line":60,"column":3}},"line":58}},"branchMap":{"0":{"loc":{"start":{"line":27,"column":4},"end":{"line":31,"column":5}},"type":"if","locations":[{"start":{"line":27,"column":4},"end":{"line":31,"column":5}},{"start":{"line":29,"column":10},"end":{"line":31,"column":5}}],"line":27},"1":{"loc":{"start":{"line":37,"column":4},"end":{"line":41,"column":5}},"type":"if","locations":[{"start":{"line":37,"column":4},"end":{"line":41,"column":5}},{"start":{"line":39,"column":10},"end":{"line":41,"column":5}}],"line":37}},"s":{"0":3,"1":3,"2":3,"3":5,"4":5,"5":5,"6":0,"7":0,"8":0,"9":0,"10":0,"11":0,"12":0,"13":0,"14":0,"15":0,"16":0,"17":0,"18":0,"19":0,"20":3},"f":{"0":5,"1":0,"2":0,"3":0,"4":0,"5":0,"6":0,"7":0,"8":0},"b":{"0":[0,0],"1":[0,0]},"_coverageSchema":"1a1c01bbd47fc00a2c39e90264f33305004495a9","hash":"f053a4e7c6f784772b4befc4461cc778b39af52e"}
,"C:\\Users\\geice\\Desktop\\{reprograma}\\Projeto Final - IndiCrechEscola\\Responsavel\\Responsavel.js": {"path":"C:\\Users\\geice\\Desktop\\{reprograma}\\Projeto Final - IndiCrechEscola\\Responsavel\\Responsavel.js","statementMap":{"0":{"start":{"line":1,"column":18},"end":{"line":1,"column":51}},"1":{"start":{"line":2,"column":17},"end":{"line":2,"column":48}},"2":{"start":{"line":3,"column":15},"end":{"line":3,"column":42}},"3":{"start":{"line":8,"column":4},"end":{"line":9,"column":22}},"4":{"start":{"line":13,"column":28},"end":{"line":13,"column":101}},"5":{"start":{"line":13,"column":70},"end":{"line":13,"column":100}},"6":{"start":{"line":14,"column":30},"end":{"line":14,"column":33}},"7":{"start":{"line":16,"column":4},"end":{"line":18,"column":5}},"8":{"start":{"line":17,"column":6},"end":{"line":17,"column":107}},"9":{"start":{"line":20,"column":4},"end":{"line":22,"column":5}},"10":{"start":{"line":21,"column":6},"end":{"line":21,"column":140}},"11":{"start":{"line":24,"column":19},"end":{"line":24,"column":72}},"12":{"start":{"line":26,"column":4},"end":{"line":26,"column":42}},"13":{"start":{"line":28,"column":4},"end":{"line":28,"column":96}},"14":{"start":{"line":32,"column":4},"end":{"line":32,"column":21}},"15":{"start":{"line":36,"column":4},"end":{"line":36,"column":21}},"16":{"start":{"line":40,"column":4},"end":{"line":40,"column":20}},"17":{"start":{"line":45,"column":0},"end":{"line":45,"column":28}}},"fnMap":{"0":{"name":"(anonymous_0)","decl":{"start":{"line":7,"column":2},"end":{"line":7,"column":3}},"loc":{"start":{"line":7,"column":34},"end":{"line":10,"column":3}},"line":7},"1":{"name":"(anonymous_1)","decl":{"start":{"line":12,"column":2},"end":{"line":12,"column":3}},"loc":{"start":{"line":12,"column":44},"end":{"line":29,"column":3}},"line":12},"2":{"name":"(anonymous_2)","decl":{"start":{"line":13,"column":55},"end":{"line":13,"column":56}},"loc":{"start":{"line":13,"column":70},"end":{"line":13,"column":100}},"line":13},"3":{"name":"(anonymous_3)","decl":{"start":{"line":31,"column":2},"end":{"line":31,"column":3}},"loc":{"start":{"line":31,"column":12},"end":{"line":33,"column":3}},"line":31},"4":{"name":"(anonymous_4)","decl":{"start":{"line":35,"column":2},"end":{"line":35,"column":3}},"loc":{"start":{"line":35,"column":12},"end":{"line":37,"column":3}},"line":35},"5":{"name":"(anonymous_5)","decl":{"start":{"line":39,"column":2},"end":{"line":39,"column":3}},"loc":{"start":{"line":39,"column":11},"end":{"line":41,"column":3}},"line":39}},"branchMap":{"0":{"loc":{"start":{"line":16,"column":4},"end":{"line":18,"column":5}},"type":"if","locations":[{"start":{"line":16,"column":4},"end":{"line":18,"column":5}},{"start":{},"end":{}}],"line":16},"1":{"loc":{"start":{"line":20,"column":4},"end":{"line":22,"column":5}},"type":"if","locations":[{"start":{"line":20,"column":4},"end":{"line":22,"column":5}},{"start":{},"end":{}}],"line":20}},"s":{"0":2,"1":2,"2":2,"3":1,"4":3,"5":12,"6":3,"7":3,"8":2,"9":1,"10":1,"11":0,"12":0,"13":0,"14":1,"15":0,"16":0,"17":2},"f":{"0":1,"1":3,"2":12,"3":1,"4":0,"5":0},"b":{"0":[2,1],"1":[1,0]},"_coverageSchema":"1a1c01bbd47fc00a2c39e90264f33305004495a9","hash":"864b0aca7f6ef4aef5ac81387b2527709f2f052d"}
}
